<?xml version="1.0" encoding="UTF-8"?>
<!-- Generated by org.testng.reporters.JUnitReportReporter -->
<testsuite hostname="LAPTOP-TG90UIQI" failures="0" tests="5" name="com.test.Test_01" time="28.457" errors="0" timestamp="2022-06-20T15:17:22 IST" skipped="0">
  <testcase classname="com.test.Test_01" name="Test_002" time="6.459"/>
  <system-out/>
  <testcase classname="com.test.Test_01" name="Test_003" time="5.869"/>
  <system-out/>
  <testcase classname="com.test.Test_01" name="Test_001" time="5.420"/>
  <system-out/>
  <testcase classname="com.test.Test_01" name="Test_004" time="5.417"/>
  <system-out/>
  <testcase classname="com.test.Test_01" name="Test_005" time="5.292"/>
  <system-out/>
</testsuite> <!-- com.test.Test_01 -->
